<?xml version="1.0" encoding="UTF-8"?>
<testng-results ignored="0" total="1" passed="1" failed="0" skipped="0">
  <reporter-output>
  </reporter-output>
  <suite started-at="2023-04-28T07:12:17 IST" name="Default suite" finished-at="2023-04-28T07:12:17 IST" duration-ms="196">
    <groups>
    </groups>
    <test started-at="2023-04-28T07:12:17 IST" name="Default test" finished-at="2023-04-28T07:12:17 IST" duration-ms="196">
      <class name="demoPack.MyPrintClass">
        <test-method signature="printSomeDemo()[pri:0, instance:demoPack.MyPrintClass@7e9131d5]" started-at="2023-04-28T07:12:17 IST" name="printSomeDemo" finished-at="2023-04-28T07:12:17 IST" duration-ms="33" status="PASS">
          <reporter-output>
          </reporter-output>
        </test-method> <!-- printSomeDemo -->
      </class> <!-- demoPack.MyPrintClass -->
    </test> <!-- Default test -->
  </suite> <!-- Default suite -->
</testng-results>
